Log file open, 08/15/20 17:47:59
LogInit: Display: Running engine for game: learning
LogPlatformFile: Not using cached read wrapper
LogTaskGraph: Started task graph with 5 named threads and 14 total threads with 3 sets of task threads.
LogStats: Stats thread started at 4.767694
LogD3D11RHI: Loaded GFSDK_Aftermath_Lib.x64.dll
LogICUInternationalization: ICU TimeZone Detection - Raw Offset: -7:00, Platform Override: ''
LogPluginManager: Mounting plugin Paper2D
LogPluginManager: Mounting plugin AISupport
LogPluginManager: Mounting plugin LightPropagationVolume
LogPluginManager: Mounting plugin CameraShakePreviewer
LogPluginManager: Mounting plugin ActorLayerUtilities
LogPluginManager: Mounting plugin AnimationSharing
LogPluginManager: Mounting plugin CLionSourceCodeAccess
LogPluginManager: Mounting plugin CodeLiteSourceCodeAccess
LogPluginManager: Mounting plugin GitSourceControl
LogPluginManager: Mounting plugin KDevelopSourceCodeAccess
LogPluginManager: Mounting plugin NullSourceCodeAccess
LogPluginManager: Mounting plugin PerforceSourceControl
LogPluginManager: Mounting plugin PlasticSourceControl
LogPluginManager: Mounting plugin RiderSourceCodeAccess
LogPluginManager: Mounting plugin SubversionSourceControl
LogPluginManager: Mounting plugin UObjectPlugin
LogPluginManager: Mounting plugin VisualStudioCodeSourceCodeAccess
LogPluginManager: Mounting plugin VisualStudioSourceCodeAccess
LogPluginManager: Mounting plugin XCodeSourceCodeAccess
LogPluginManager: Mounting plugin AssetManagerEditor
LogPluginManager: Mounting plugin CryptoKeys
LogPluginManager: Mounting plugin CurveEditorTools
LogPluginManager: Mounting plugin DataValidation
LogPluginManager: Mounting plugin EditorScriptingUtilities
LogPluginManager: Mounting plugin FacialAnimation
LogPluginManager: Mounting plugin GameplayTagsEditor
LogPluginManager: Mounting plugin GeometryMode
LogPluginManager: Mounting plugin MacGraphicsSwitching
LogPluginManager: Mounting plugin MaterialAnalyzer
LogPluginManager: Mounting plugin MobileLauncherProfileWizard
LogPluginManager: Mounting plugin PluginBrowser
LogPluginManager: Mounting plugin SpeedTreeImporter
LogPluginManager: Mounting plugin DatasmithContent
LogPluginManager: Mounting plugin VariantManagerContent
LogPluginManager: Mounting plugin AlembicImporter
LogPluginManager: Mounting plugin AutomationUtils
LogPluginManager: Mounting plugin BackChannel
LogPluginManager: Mounting plugin ChaosCloth
LogPluginManager: Mounting plugin ChaosClothEditor
LogPluginManager: Mounting plugin ChaosEditor
LogPluginManager: Mounting plugin ChaosNiagara
LogPluginManager: Mounting plugin ChaosSolverPlugin
LogPluginManager: Mounting plugin CharacterAI
LogPluginManager: Mounting plugin GeometryCache
LogPluginManager: Mounting plugin GeometryCollectionPlugin
LogPluginManager: Mounting plugin GeometryProcessing
LogPluginManager: Mounting plugin PlanarCut
LogPluginManager: Mounting plugin PlatformCrypto
LogPluginManager: Mounting plugin ProxyLODPlugin
LogPluginManager: Mounting plugin SkeletalReduction
LogPluginManager: Mounting plugin Niagara
LogPluginManager: Mounting plugin MagicLeap
LogPluginManager: Mounting plugin MagicLeapLightEstimation
LogPluginManager: Mounting plugin MagicLeapMedia
LogPluginManager: Mounting plugin MagicLeapPassableWorld
LogPluginManager: Mounting plugin MLSDK
LogPluginManager: Mounting plugin AndroidMedia
LogPluginManager: Mounting plugin AvfMedia
LogPluginManager: Mounting plugin ImgMedia
LogPluginManager: Mounting plugin MediaCompositing
LogPluginManager: Mounting plugin MediaPlayerEditor
LogPluginManager: Mounting plugin WebMMedia
LogPluginManager: Mounting plugin WmfMedia
LogPluginManager: Mounting plugin MeshPainting
LogPluginManager: Mounting plugin TcpMessaging
LogPluginManager: Mounting plugin UdpMessaging
LogPluginManager: Mounting plugin ActorSequence
LogPluginManager: Mounting plugin LevelSequenceEditor
LogPluginManager: Mounting plugin MatineeToLevelSequence
LogPluginManager: Mounting plugin MovieRenderPipeline
LogPluginManager: Mounting plugin TemplateSequence
LogPluginManager: Mounting plugin NetcodeUnitTest
LogPluginManager: Mounting plugin NUTUnrealEngine4
LogPluginManager: Mounting plugin OnlineSubsystemGooglePlay
LogPluginManager: Mounting plugin OnlineSubsystemIOS
LogPluginManager: Mounting plugin OnlineSubsystem
LogPluginManager: Mounting plugin OnlineSubsystemNull
LogPluginManager: Mounting plugin OnlineSubsystemUtils
LogPluginManager: Mounting plugin LauncherChunkInstaller
LogPluginManager: Mounting plugin AndroidDeviceProfileSelector
LogPluginManager: Mounting plugin AndroidMoviePlayer
LogPluginManager: Mounting plugin AndroidPermission
LogPluginManager: Mounting plugin AppleImageUtils
LogPluginManager: Mounting plugin AppleMoviePlayer
LogPluginManager: Mounting plugin ArchVisCharacter
LogPluginManager: Mounting plugin AssetTags
LogPluginManager: Mounting plugin AudioCapture
LogPluginManager: Mounting plugin CableComponent
LogPluginManager: Mounting plugin CustomMeshComponent
LogPluginManager: Mounting plugin EditableMesh
LogPluginManager: Mounting plugin ExampleDeviceProfileSelector
LogPluginManager: Mounting plugin GoogleCloudMessaging
LogPluginManager: Mounting plugin GooglePAD
LogPluginManager: Mounting plugin IOSDeviceProfileSelector
LogPluginManager: Mounting plugin LinuxDeviceProfileSelector
LogPluginManager: Mounting plugin LocationServicesBPLibrary
LogPluginManager: Mounting plugin MobilePatchingUtils
LogPluginManager: Mounting plugin OculusVR
LogPluginManager: Mounting plugin PhysXVehicles
LogPluginManager: Mounting plugin PostSplashScreen
LogPluginManager: Mounting plugin ProceduralMeshComponent
LogPluginManager: Mounting plugin RuntimePhysXCooking
LogPluginManager: Mounting plugin SignificanceManager
LogPluginManager: Mounting plugin SoundFields
LogPluginManager: Mounting plugin SteamVR
LogPluginManager: Mounting plugin Synthesis
LogPluginManager: Mounting plugin WebMMoviePlayer
LogPluginManager: Mounting plugin WindowsMoviePlayer
LogPluginManager: Mounting plugin ScreenshotTools
LogInit: Using libcurl 7.55.1-DEV
LogInit:  - built for x86_64-pc-win32
LogInit:  - supports SSL with OpenSSL/1.1.1
LogInit:  - supports HTTP deflate (compression) using libz 1.2.8
LogInit:  - other features:
LogInit:      CURL_VERSION_SSL
LogInit:      CURL_VERSION_LIBZ
LogInit:      CURL_VERSION_IPV6
LogInit:      CURL_VERSION_ASYNCHDNS
LogInit:      CURL_VERSION_LARGEFILE
LogInit:      CURL_VERSION_IDN
LogInit:  CurlRequestOptions (configurable via config and command line):
LogInit:  - bVerifyPeer = true  - Libcurl will verify peer certificate
LogInit:  - bUseHttpProxy = false  - Libcurl will NOT use HTTP proxy
LogInit:  - bDontReuseConnections = false  - Libcurl will reuse connections
LogInit:  - MaxHostConnections = 16  - Libcurl will limit the number of connections to a host
LogInit:  - LocalHostAddr = Default
LogInit:  - BufferSize = 65536
LogOnline: OSS: Creating online subsystem instance for: NULL
LogInit: WinSock: version 1.1 (2.2), MaxSocks=32767, MaxUdp=65467
LogOnline: OSS: TryLoadSubsystemAndSetDefault: Loaded subsystem for module [NULL]
LogInit: Build: ++UE4+Release-4.25-CL-13942748
LogInit: Engine Version: 4.25.3-13942748+++UE4+Release-4.25
LogInit: Compatible Engine Version: 4.25.0-13144385+++UE4+Release-4.25
LogInit: Net CL: 13144385
LogInit: OS: Windows 10 (Release 1909) (), CPU: Intel(R) Core(TM) i5-6300HQ CPU @ 2.30GHz, GPU: Intel(R) HD Graphics 530
LogInit: Compiled (64-bit): Jul 25 2020 02:07:48
LogInit: Compiled with Visual C++: 19.24.28315.00
LogInit: Build Configuration: Development
LogInit: Branch Name: ++UE4+Release-4.25
LogInit: Command Line:  -EpicPortal -epicusername=Attydude -epicuserid=36cc6b0a0472486494a46b9de52b447c -epiclocale=en
LogInit: Base Directory: E:/unreal/UE_4.25/Engine/Binaries/Win64/
LogInit: Allocator: TBB
LogInit: Installed Engine Build: 1
LogDevObjectVersion: Number of dev versions registered: 26
LogDevObjectVersion:   Dev-Blueprints (B0D832E4-1F89-4F0D-ACCF-7EB736FD4AA2): 10
LogDevObjectVersion:   Dev-Build (E1C64328-A22C-4D53-A36C-8E866417BD8C): 0
LogDevObjectVersion:   Dev-Core (375EC13C-06E4-48FB-B500-84F0262A717E): 4
LogDevObjectVersion:   Dev-Editor (E4B068ED-F494-42E9-A231-DA0B2E46BB41): 38
LogDevObjectVersion:   Dev-Framework (CFFC743F-43B0-4480-9391-14DF171D2073): 37
LogDevObjectVersion:   Dev-Mobile (B02B49B5-BB20-44E9-A304-32B752E40360): 2
LogDevObjectVersion:   Dev-Networking (A4E4105C-59A1-49B5-A7C5-40C4547EDFEE): 0
LogDevObjectVersion:   Dev-Online (39C831C9-5AE6-47DC-9A44-9C173E1C8E7C): 0
LogDevObjectVersion:   Dev-Physics (78F01B33-EBEA-4F98-B9B4-84EACCB95AA2): 4
LogDevObjectVersion:   Dev-Platform (6631380F-2D4D-43E0-8009-CF276956A95A): 0
LogDevObjectVersion:   Dev-Rendering (12F88B9F-8875-4AFC-A67C-D90C383ABD29): 43
LogDevObjectVersion:   Dev-Sequencer (7B5AE74C-D270-4C10-A958-57980B212A5A): 12
LogDevObjectVersion:   Dev-VR (D7296918-1DD6-4BDD-9DE2-64A83CC13884): 3
LogDevObjectVersion:   Dev-LoadTimes (C2A15278-BFE7-4AFE-6C17-90FF531DF755): 1
LogDevObjectVersion:   Private-Geometry (6EACA3D4-40EC-4CC1-B786-8BED09428FC5): 3
LogDevObjectVersion:   Dev-AnimPhys (29E575DD-E0A3-4627-9D10-D276232CDCEA): 17
LogDevObjectVersion:   Dev-Anim (AF43A65D-7FD3-4947-9873-3E8ED9C1BB05): 7
LogDevObjectVersion:   Dev-ReflectionCapture (6B266CEC-1EC7-4B8F-A30B-E4D90942FC07): 1
LogDevObjectVersion:   Dev-Automation (0DF73D61-A23F-47EA-B727-89E90C41499A): 1
LogDevObjectVersion:   FortniteMain (601D1886-AC64-4F84-AA16-D3DE0DEAC7D6): 31
LogDevObjectVersion:   Dev-Enterprise (9DFFBCD6-494F-0158-E221-12823C92A888): 10
LogDevObjectVersion:   Dev-Niagara (F2AED0AC-9AFE-416F-8664-AA7FFA26D6FC): 1
LogDevObjectVersion:   Dev-Destruction (174F1F0B-B4C6-45A5-B13F-2EE8D0FB917D): 10
LogDevObjectVersion:   Dev-Physics-Ext (35F94A83-E258-406C-A318-09F59610247C): 37
LogDevObjectVersion:   Dev-PhysicsMaterial-Chaos (B68FC16E-8B1B-42E2-B453-215C058844FE): 1
LogDevObjectVersion:   Dev-CineCamera (B2E18506-4273-CFC2-A54E-F4BB758BBA07): 1
LogInit: Presizing for max 25165824 objects, including 0 objects not considered by GC, pre-allocating 0 bytes for permanent pool.
LogConfig: Applying CVar settings from Section [/Script/Engine.StreamingSettings] File [E:/unreal projects/learning/Saved/Config/Windows/Engine.ini]
LogConfig: Setting CVar [[s.MinBulkDataSizeForAsyncLoading:131072]]
LogConfig: Setting CVar [[s.AsyncLoadingThreadEnabled:0]]
LogConfig: Setting CVar [[s.EventDrivenLoaderEnabled:1]]
LogConfig: Setting CVar [[s.WarnIfTimeLimitExceeded:0]]
LogConfig: Setting CVar [[s.TimeLimitExceededMultiplier:1.5]]
LogConfig: Setting CVar [[s.TimeLimitExceededMinTime:0.005]]
LogConfig: Setting CVar [[s.UseBackgroundLevelStreaming:1]]
LogConfig: Setting CVar [[s.PriorityAsyncLoadingExtraTime:15.0]]
LogConfig: Setting CVar [[s.LevelStreamingActorsUpdateTimeLimit:5.0]]
LogConfig: Setting CVar [[s.PriorityLevelStreamingActorsUpdateExtraTime:5.0]]
LogConfig: Setting CVar [[s.LevelStreamingComponentsRegistrationGranularity:10]]
LogConfig: Setting CVar [[s.UnregisterComponentsTimeLimit:1.0]]
LogConfig: Setting CVar [[s.LevelStreamingComponentsUnregistrationGranularity:5]]
LogConfig: Setting CVar [[s.FlushStreamingOnExit:1]]
LogInit: Object subsystem initialized
LogConfig: Setting CVar [[con.DebugEarlyDefault:1]]
LogConfig: Setting CVar [[r.setres:1280x720]]
[2020.08.15-23.48.02:361][  0]LogConfig: Setting CVar [[r.VSync:0]]
[2020.08.15-23.48.02:361][  0]LogConfig: Setting CVar [[r.RHICmdBypass:0]]
[2020.08.15-23.48.02:362][  0]LogConfig: Applying CVar settings from Section [/Script/Engine.RendererSettings] File [E:/unreal projects/learning/Saved/Config/Windows/Engine.ini]
[2020.08.15-23.48.02:362][  0]LogConfig: Setting CVar [[r.GPUCrashDebugging:0]]
[2020.08.15-23.48.02:362][  0]LogConfig: Applying CVar settings from Section [/Script/Engine.RendererOverrideSettings] File [E:/unreal projects/learning/Saved/Config/Windows/Engine.ini]
[2020.08.15-23.48.02:362][  0]LogConfig: Applying CVar settings from Section [/Script/Engine.StreamingSettings] File [E:/unreal projects/learning/Saved/Config/Windows/Engine.ini]
[2020.08.15-23.48.02:362][  0]LogConfig: Setting CVar [[s.MinBulkDataSizeForAsyncLoading:131072]]
[2020.08.15-23.48.02:362][  0]LogConfig: Setting CVar [[s.AsyncLoadingThreadEnabled:0]]
[2020.08.15-23.48.02:362][  0]LogConfig: Setting CVar [[s.EventDrivenLoaderEnabled:1]]
[2020.08.15-23.48.02:362][  0]LogConfig: Setting CVar [[s.WarnIfTimeLimitExceeded:0]]
[2020.08.15-23.48.02:362][  0]LogConfig: Setting CVar [[s.TimeLimitExceededMultiplier:1.5]]
[2020.08.15-23.48.02:362][  0]LogConfig: Setting CVar [[s.TimeLimitExceededMinTime:0.005]]
[2020.08.15-23.48.02:362][  0]LogConfig: Setting CVar [[s.UseBackgroundLevelStreaming:1]]
[2020.08.15-23.48.02:362][  0]LogConfig: Setting CVar [[s.PriorityAsyncLoadingExtraTime:15.0]]
[2020.08.15-23.48.02:362][  0]LogConfig: Setting CVar [[s.LevelStreamingActorsUpdateTimeLimit:5.0]]
[2020.08.15-23.48.02:362][  0]LogConfig: Setting CVar [[s.PriorityLevelStreamingActorsUpdateExtraTime:5.0]]
[2020.08.15-23.48.02:362][  0]LogConfig: Setting CVar [[s.LevelStreamingComponentsRegistrationGranularity:10]]
[2020.08.15-23.48.02:362][  0]LogConfig: Setting CVar [[s.UnregisterComponentsTimeLimit:1.0]]
[2020.08.15-23.48.02:362][  0]LogConfig: Setting CVar [[s.LevelStreamingComponentsUnregistrationGranularity:5]]
[2020.08.15-23.48.02:362][  0]LogConfig: Setting CVar [[s.FlushStreamingOnExit:1]]
[2020.08.15-23.48.02:362][  0]LogConfig: Applying CVar settings from Section [/Script/Engine.GarbageCollectionSettings] File [E:/unreal projects/learning/Saved/Config/Windows/Engine.ini]
[2020.08.15-23.48.02:362][  0]LogConfig: Setting CVar [[gc.MaxObjectsNotConsideredByGC:1]]
[2020.08.15-23.48.02:362][  0]LogConfig: Setting CVar [[gc.SizeOfPermanentObjectPool:0]]
[2020.08.15-23.48.02:362][  0]LogConfig: Setting CVar [[gc.FlushStreamingOnGC:0]]
[2020.08.15-23.48.02:362][  0]LogConfig: Setting CVar [[gc.NumRetriesBeforeForcingGC:10]]
[2020.08.15-23.48.02:362][  0]LogConfig: Setting CVar [[gc.AllowParallelGC:1]]
[2020.08.15-23.48.02:362][  0]LogConfig: Setting CVar [[gc.TimeBetweenPurgingPendingKillObjects:61.1]]
[2020.08.15-23.48.02:362][  0]LogConfig: Setting CVar [[gc.MaxObjectsInEditor:25165824]]
[2020.08.15-23.48.02:362][  0]LogConfig: Setting CVar [[gc.IncrementalBeginDestroyEnabled:1]]
[2020.08.15-23.48.02:362][  0]LogConfig: Setting CVar [[gc.CreateGCClusters:1]]
[2020.08.15-23.48.02:362][  0]LogConfig: Setting CVar [[gc.MinGCClusterSize:5]]
[2020.08.15-23.48.02:362][  0]LogConfig: Setting CVar [[gc.ActorClusteringEnabled:0]]
[2020.08.15-23.48.02:362][  0]LogConfig: Setting CVar [[gc.BlueprintClusteringEnabled:0]]
[2020.08.15-23.48.02:362][  0]LogConfig: Setting CVar [[gc.UseDisregardForGCOnDedicatedServers:0]]
[2020.08.15-23.48.02:362][  0]LogConfig: Applying CVar settings from Section [/Script/Engine.NetworkSettings] File [E:/unreal projects/learning/Saved/Config/Windows/Engine.ini]
[2020.08.15-23.48.02:362][  0]LogConfig: Applying CVar settings from Section [/Script/UnrealEd.CookerSettings] File [E:/unreal projects/learning/Saved/Config/Windows/Engine.ini]
[2020.08.15-23.48.02:384][  0]LogConfig: Applying CVar settings from Section [ViewDistanceQuality@3] File [E:/unreal projects/learning/Saved/Config/Windows/Scalability.ini]
[2020.08.15-23.48.02:384][  0]LogConfig: Setting CVar [[r.SkeletalMeshLODBias:0]]
[2020.08.15-23.48.02:384][  0]LogConfig: Setting CVar [[r.ViewDistanceScale:1.0]]
[2020.08.15-23.48.02:384][  0]LogConfig: Applying CVar settings from Section [AntiAliasingQuality@3] File [E:/unreal projects/learning/Saved/Config/Windows/Scalability.ini]
[2020.08.15-23.48.02:384][  0]LogConfig: Setting CVar [[r.PostProcessAAQuality:4]]
[2020.08.15-23.48.02:384][  0]LogConfig: Applying CVar settings from Section [ShadowQuality@3] File [E:/unreal projects/learning/Saved/Config/Windows/Scalability.ini]
[2020.08.15-23.48.02:384][  0]LogConfig: Setting CVar [[r.LightFunctionQuality:1]]
[2020.08.15-23.48.02:385][  0]LogConfig: Setting CVar [[r.ShadowQuality:5]]
[2020.08.15-23.48.02:385][  0]LogConfig: Setting CVar [[r.Shadow.CSM.MaxCascades:10]]
[2020.08.15-23.48.02:385][  0]LogConfig: Setting CVar [[r.Shadow.MaxResolution:2048]]
[2020.08.15-23.48.02:385][  0]LogConfig: Setting CVar [[r.Shadow.MaxCSMResolution:2048]]
[2020.08.15-23.48.02:385][  0]LogConfig: Setting CVar [[r.Shadow.RadiusThreshold:0.01]]
[2020.08.15-23.48.02:385][  0]LogConfig: Setting CVar [[r.Shadow.DistanceScale:1.0]]
[2020.08.15-23.48.02:385][  0]LogConfig: Setting CVar [[r.Shadow.CSM.TransitionScale:1.0]]
[2020.08.15-23.48.02:385][  0]LogConfig: Setting CVar [[r.Shadow.PreShadowResolutionFactor:1.0]]
[2020.08.15-23.48.02:385][  0]LogConfig: Setting CVar [[r.DistanceFieldShadowing:1]]
[2020.08.15-23.48.02:385][  0]LogConfig: Setting CVar [[r.DistanceFieldAO:1]]
[2020.08.15-23.48.02:385][  0]LogConfig: Setting CVar [[r.AOQuality:2]]
[2020.08.15-23.48.02:385][  0]LogConfig: Setting CVar [[r.VolumetricFog:1]]
[2020.08.15-23.48.02:385][  0]LogConfig: Setting CVar [[r.VolumetricFog.GridPixelSize:8]]
[2020.08.15-23.48.02:385][  0]LogConfig: Setting CVar [[r.VolumetricFog.GridSizeZ:128]]
[2020.08.15-23.48.02:385][  0]LogConfig: Setting CVar [[r.VolumetricFog.HistoryMissSupersampleCount:4]]
[2020.08.15-23.48.02:385][  0]LogConfig: Setting CVar [[r.LightMaxDrawDistanceScale:1]]
[2020.08.15-23.48.02:385][  0]LogConfig: Setting CVar [[r.CapsuleShadows:1]]
[2020.08.15-23.48.02:385][  0]LogConfig: Applying CVar settings from Section [PostProcessQuality@3] File [E:/unreal projects/learning/Saved/Config/Windows/Scalability.ini]
[2020.08.15-23.48.02:385][  0]LogConfig: Setting CVar [[r.MotionBlurQuality:4]]
[2020.08.15-23.48.02:385][  0]LogConfig: Setting CVar [[r.AmbientOcclusionMipLevelFactor:0.4]]
[2020.08.15-23.48.02:385][  0]LogConfig: Setting CVar [[r.AmbientOcclusionMaxQuality:100]]
[2020.08.15-23.48.02:385][  0]LogConfig: Setting CVar [[r.AmbientOcclusionLevels:-1]]
[2020.08.15-23.48.02:385][  0]LogConfig: Setting CVar [[r.AmbientOcclusionRadiusScale:1.0]]
[2020.08.15-23.48.02:385][  0]LogConfig: Setting CVar [[r.DepthOfFieldQuality:2]]
[2020.08.15-23.48.02:385][  0]LogConfig: Setting CVar [[r.RenderTargetPoolMin:400]]
[2020.08.15-23.48.02:385][  0]LogConfig: Setting CVar [[r.LensFlareQuality:2]]
[2020.08.15-23.48.02:385][  0]LogConfig: Setting CVar [[r.SceneColorFringeQuality:1]]
[2020.08.15-23.48.02:385][  0]LogConfig: Setting CVar [[r.EyeAdaptationQuality:2]]
[2020.08.15-23.48.02:385][  0]LogConfig: Setting CVar [[r.BloomQuality:5]]
[2020.08.15-23.48.02:385][  0]LogConfig: Setting CVar [[r.FastBlurThreshold:100]]
[2020.08.15-23.48.02:385][  0]LogConfig: Setting CVar [[r.Upscale.Quality:3]]
[2020.08.15-23.48.02:385][  0]LogConfig: Setting CVar [[r.Tonemapper.GrainQuantization:1]]
[2020.08.15-23.48.02:385][  0]LogConfig: Setting CVar [[r.LightShaftQuality:1]]
[2020.08.15-23.48.02:385][  0]LogConfig: Setting CVar [[r.Filter.SizeScale:1]]
[2020.08.15-23.48.02:385][  0]LogConfig: Setting CVar [[r.Tonemapper.Quality:5]]
[2020.08.15-23.48.02:385][  0]LogConfig: Setting CVar [[r.DOF.Gather.AccumulatorQuality:1        ; higher gathering accumulator quality]]
[2020.08.15-23.48.02:386][  0]LogConfig: Setting CVar [[r.DOF.Gather.PostfilterMethod:1          ; Median3x3 postfilering method]]
[2020.08.15-23.48.02:386][  0]LogConfig: Setting CVar [[r.DOF.Gather.EnableBokehSettings:0       ; no bokeh simulation when gathering]]
[2020.08.15-23.48.02:386][  0]LogConfig: Setting CVar [[r.DOF.Gather.RingCount:4                 ; medium number of samples when gathering]]
[2020.08.15-23.48.02:386][  0]LogConfig: Setting CVar [[r.DOF.Scatter.ForegroundCompositing:1    ; additive foreground scattering]]
[2020.08.15-23.48.02:386][  0]LogConfig: Setting CVar [[r.DOF.Scatter.BackgroundCompositing:2    ; additive background scattering]]
[2020.08.15-23.48.02:386][  0]LogConfig: Setting CVar [[r.DOF.Scatter.EnableBokehSettings:1      ; bokeh simulation when scattering]]
[2020.08.15-23.48.02:386][  0]LogConfig: Setting CVar [[r.DOF.Scatter.MaxSpriteRatio:0.1         ; only a maximum of 10% of scattered bokeh]]
[2020.08.15-23.48.02:386][  0]LogConfig: Setting CVar [[r.DOF.Recombine.Quality:1                ; cheap slight out of focus]]
[2020.08.15-23.48.02:386][  0]LogConfig: Setting CVar [[r.DOF.Recombine.EnableBokehSettings:0    ; no bokeh simulation on slight out of focus]]
[2020.08.15-23.48.02:386][  0]LogConfig: Setting CVar [[r.DOF.TemporalAAQuality:1                ; more stable temporal accumulation]]
[2020.08.15-23.48.02:386][  0]LogConfig: Setting CVar [[r.DOF.Kernel.MaxForegroundRadius:0.025]]
[2020.08.15-23.48.02:386][  0]LogConfig: Setting CVar [[r.DOF.Kernel.MaxBackgroundRadius:0.025]]
[2020.08.15-23.48.02:386][  0]LogConfig: Applying CVar settings from Section [TextureQuality@3] File [E:/unreal projects/learning/Saved/Config/Windows/Scalability.ini]
[2020.08.15-23.48.02:386][  0]LogConfig: Setting CVar [[r.Streaming.MipBias:0]]
[2020.08.15-23.48.02:386][  0]LogConfig: Setting CVar [[r.Streaming.AmortizeCPUToGPUCopy:0]]
[2020.08.15-23.48.02:387][  0]LogConfig: Setting CVar [[r.Streaming.MaxNumTexturesToStreamPerFrame:0]]
[2020.08.15-23.48.02:387][  0]LogConfig: Setting CVar [[r.Streaming.Boost:1]]
[2020.08.15-23.48.02:387][  0]LogConfig: Setting CVar [[r.MaxAnisotropy:8]]
[2020.08.15-23.48.02:387][  0]LogConfig: Setting CVar [[r.VT.MaxAnisotropy:8]]
[2020.08.15-23.48.02:387][  0]LogConfig: Setting CVar [[r.Streaming.LimitPoolSizeToVRAM:0]]
[2020.08.15-23.48.02:387][  0]LogConfig: Setting CVar [[r.Streaming.PoolSize:1000]]
[2020.08.15-23.48.02:387][  0]LogConfig: Setting CVar [[r.Streaming.MaxEffectiveScreenSize:0]]
[2020.08.15-23.48.02:387][  0]LogConfig: Applying CVar settings from Section [EffectsQuality@3] File [E:/unreal projects/learning/Saved/Config/Windows/Scalability.ini]
[2020.08.15-23.48.02:387][  0]LogConfig: Setting CVar [[r.TranslucencyLightingVolumeDim:64]]
[2020.08.15-23.48.02:387][  0]LogConfig: Setting CVar [[r.RefractionQuality:2]]
[2020.08.15-23.48.02:387][  0]LogConfig: Setting CVar [[r.SSR.Quality:3]]
[2020.08.15-23.48.02:387][  0]LogConfig: Setting CVar [[r.SSR.HalfResSceneColor:0]]
[2020.08.15-23.48.02:387][  0]LogConfig: Setting CVar [[r.SceneColorFormat:4]]
[2020.08.15-23.48.02:387][  0]LogConfig: Setting CVar [[r.DetailMode:2]]
[2020.08.15-23.48.02:387][  0]LogConfig: Setting CVar [[r.TranslucencyVolumeBlur:1]]
[2020.08.15-23.48.02:387][  0]LogConfig: Setting CVar [[r.MaterialQualityLevel:1 ; High quality]]
[2020.08.15-23.48.02:387][  0]LogConfig: Setting CVar [[r.SSS.Scale:1]]
[2020.08.15-23.48.02:387][  0]LogConfig: Setting CVar [[r.SSS.SampleSet:2]]
[2020.08.15-23.48.02:387][  0]LogConfig: Setting CVar [[r.SSS.Quality:1]]
[2020.08.15-23.48.02:387][  0]LogConfig: Setting CVar [[r.SSS.HalfRes:0]]
[2020.08.15-23.48.02:387][  0]LogConfig: Setting CVar [[r.SSGI.Quality:3]]
[2020.08.15-23.48.02:387][  0]LogConfig: Setting CVar [[r.EmitterSpawnRateScale:1.0]]
[2020.08.15-23.48.02:387][  0]LogConfig: Setting CVar [[r.ParticleLightQuality:2]]
[2020.08.15-23.48.02:387][  0]LogConfig: Setting CVar [[r.SkyAtmosphere.AerialPerspectiveLUT.FastApplyOnOpaque:1 ; Always have FastSkyLUT 1 in this case to avoid wrong sky]]
[2020.08.15-23.48.02:387][  0]LogConfig: Setting CVar [[r.SkyAtmosphere.AerialPerspectiveLUT.SampleCountPerSlice:1]]
[2020.08.15-23.48.02:387][  0]LogConfig: Setting CVar [[r.SkyAtmosphere.AerialPerspectiveLUT.DepthResolution:16.0]]
[2020.08.15-23.48.02:387][  0]LogConfig: Setting CVar [[r.SkyAtmosphere.FastSkyLUT:1]]
[2020.08.15-23.48.02:387][  0]LogConfig: Setting CVar [[r.SkyAtmosphere.FastSkyLUT.SampleCountMin:4.0]]
[2020.08.15-23.48.02:387][  0]LogConfig: Setting CVar [[r.SkyAtmosphere.FastSkyLUT.SampleCountMax:32.0]]
[2020.08.15-23.48.02:387][  0]LogConfig: Setting CVar [[r.SkyAtmosphere.SampleCountMin:4.0]]
[2020.08.15-23.48.02:387][  0]LogConfig: Setting CVar [[r.SkyAtmosphere.SampleCountMax:32.0]]
[2020.08.15-23.48.02:387][  0]LogConfig: Setting CVar [[r.SkyAtmosphere.TransmittanceLUT.UseSmallFormat:0]]
[2020.08.15-23.48.02:387][  0]LogConfig: Setting CVar [[r.SkyAtmosphere.TransmittanceLUT.SampleCount:10.0]]
[2020.08.15-23.48.02:387][  0]LogConfig: Setting CVar [[r.SkyAtmosphere.MultiScatteringLUT.SampleCount:15.0]]
[2020.08.15-23.48.02:387][  0]LogConfig: Applying CVar settings from Section [FoliageQuality@3] File [E:/unreal projects/learning/Saved/Config/Windows/Scalability.ini]
[2020.08.15-23.48.02:388][  0]LogConfig: Setting CVar [[foliage.DensityScale:1.0]]
[2020.08.15-23.48.02:388][  0]LogConfig: Setting CVar [[grass.DensityScale:1.0]]
[2020.08.15-23.48.02:388][  0]LogConfig: Applying CVar settings from Section [ShadingQuality@3] File [E:/unreal projects/learning/Saved/Config/Windows/Scalability.ini]
[2020.08.15-23.48.02:388][  0]LogConfig: Setting CVar [[r.HairStrands.SkyLighting.SampleCount:16]]
[2020.08.15-23.48.02:388][  0]LogConfig: Setting CVar [[r.HairStrands.SkyLighting.JitterIntegration:0]]
[2020.08.15-23.48.02:388][  0]LogConfig: Setting CVar [[r.HairStrands.SkyAO.SampleCount:16]]
[2020.08.15-23.48.02:388][  0]LogConfig: Setting CVar [[r.HairStrands.DeepShadow.SuperSampling:0]]
[2020.08.15-23.48.02:388][  0]LogConfig: Setting CVar [[r.HairStrands.VisibilityPPLL:0]]
[2020.08.15-23.48.02:388][  0]LogConfig: Setting CVar [[r.HairStrands.RasterizationScale:0.5]]
[2020.08.15-23.48.02:388][  0]LogConfig: Setting CVar [[r.HairStrands.VelocityRasterizationScale:1]]
[2020.08.15-23.48.02:388][  0]LogInit: Selected Device Profile: [Windows]
[2020.08.15-23.48.02:388][  0]LogInit: Applying CVar settings loaded from the selected device profile: [Windows]
[2020.08.15-23.48.02:395][  0]LogHAL: Display: Platform has ~ 8 GB [8447590400 / 8589934592 / 8], which maps to Default [LargestMinGB=32, LargerMinGB=12, DefaultMinGB=8, SmallerMinGB=6, SmallestMinGB=0)
[2020.08.15-23.48.02:395][  0]LogInit: Going up to parent DeviceProfile []
[2020.08.15-23.48.02:395][  0]LogConfig: Applying CVar settings from Section [ViewDistanceQuality@3] File [E:/unreal projects/learning/Saved/Config/Windows/Scalability.ini]
[2020.08.15-23.48.02:395][  0]LogConfig: Setting CVar [[r.SkeletalMeshLODBias:0]]
[2020.08.15-23.48.02:395][  0]LogConfig: Setting CVar [[r.ViewDistanceScale:1.0]]
[2020.08.15-23.48.02:395][  0]LogConfig: Applying CVar settings from Section [AntiAliasingQuality@3] File [E:/unreal projects/learning/Saved/Config/Windows/Scalability.ini]
[2020.08.15-23.48.02:395][  0]LogConfig: Setting CVar [[r.PostProcessAAQuality:4]]
[2020.08.15-23.48.02:395][  0]LogConfig: Applying CVar settings from Section [ShadowQuality@3] File [E:/unreal projects/learning/Saved/Config/Windows/Scalability.ini]
[2020.08.15-23.48.02:396][  0]LogConfig: Setting CVar [[r.LightFunctionQuality:1]]
[2020.08.15-23.48.02:396][  0]LogConfig: Setting CVar [[r.ShadowQuality:5]]
[2020.08.15-23.48.02:396][  0]LogConfig: Setting CVar [[r.Shadow.CSM.MaxCascades:10]]
[2020.08.15-23.48.02:396][  0]LogConfig: Setting CVar [[r.Shadow.MaxResolution:2048]]
[2020.08.15-23.48.02:396][  0]LogConfig: Setting CVar [[r.Shadow.MaxCSMResolution:2048]]
[2020.08.15-23.48.02:396][  0]LogConfig: Setting CVar [[r.Shadow.RadiusThreshold:0.01]]
[2020.08.15-23.48.02:396][  0]LogConfig: Setting CVar [[r.Shadow.DistanceScale:1.0]]
[2020.08.15-23.48.02:396][  0]LogConfig: Setting CVar [[r.Shadow.CSM.TransitionScale:1.0]]
[2020.08.15-23.48.02:396][  0]LogConfig: Setting CVar [[r.Shadow.PreShadowResolutionFactor:1.0]]
[2020.08.15-23.48.02:396][  0]LogConfig: Setting CVar [[r.DistanceFieldShadowing:1]]
[2020.08.15-23.48.02:396][  0]LogConfig: Setting CVar [[r.DistanceFieldAO:1]]
[2020.08.15-23.48.02:396][  0]LogConfig: Setting CVar [[r.AOQuality:2]]
[2020.08.15-23.48.02:396][  0]LogConfig: Setting CVar [[r.VolumetricFog:1]]
[2020.08.15-23.48.02:396][  0]LogConfig: Setting CVar [[r.VolumetricFog.GridPixelSize:8]]
[2020.08.15-23.48.02:396][  0]LogConfig: Setting CVar [[r.VolumetricFog.GridSizeZ:128]]
[2020.08.15-23.48.02:396][  0]LogConfig: Setting CVar [[r.VolumetricFog.HistoryMissSupersampleCount:4]]
[2020.08.15-23.48.02:396][  0]LogConfig: Setting CVar [[r.LightMaxDrawDistanceScale:1]]
[2020.08.15-23.48.02:396][  0]LogConfig: Setting CVar [[r.CapsuleShadows:1]]
[2020.08.15-23.48.02:396][  0]LogConfig: Applying CVar settings from Section [PostProcessQuality@3] File [E:/unreal projects/learning/Saved/Config/Windows/Scalability.ini]
[2020.08.15-23.48.02:396][  0]LogConfig: Setting CVar [[r.MotionBlurQuality:4]]
[2020.08.15-23.48.02:396][  0]LogConfig: Setting CVar [[r.AmbientOcclusionMipLevelFactor:0.4]]
[2020.08.15-23.48.02:396][  0]LogConfig: Setting CVar [[r.AmbientOcclusionMaxQuality:100]]
[2020.08.15-23.48.02:396][  0]LogConfig: Setting CVar [[r.AmbientOcclusionLevels:-1]]
[2020.08.15-23.48.02:396][  0]LogConfig: Setting CVar [[r.AmbientOcclusionRadiusScale:1.0]]
[2020.08.15-23.48.02:396][  0]LogConfig: Setting CVar [[r.DepthOfFieldQuality:2]]
[2020.08.15-23.48.02:396][  0]LogConfig: Setting CVar [[r.RenderTargetPoolMin:400]]
[2020.08.15-23.48.02:396][  0]LogConfig: Setting CVar [[r.LensFlareQuality:2]]
[2020.08.15-23.48.02:396][  0]LogConfig: Setting CVar [[r.SceneColorFringeQuality:1]]
[2020.08.15-23.48.02:396][  0]LogConfig: Setting CVar [[r.EyeAdaptationQuality:2]]
[2020.08.15-23.48.02:396][  0]LogConfig: Setting CVar [[r.BloomQuality:5]]
[2020.08.15-23.48.02:396][  0]LogConfig: Setting CVar [[r.FastBlurThreshold:100]]
[2020.08.15-23.48.02:396][  0]LogConfig: Setting CVar [[r.Upscale.Quality:3]]
[2020.08.15-23.48.02:396][  0]LogConfig: Setting CVar [[r.Tonemapper.GrainQuantization:1]]
[2020.08.15-23.48.02:396][  0]LogConfig: Setting CVar [[r.LightShaftQuality:1]]
[2020.08.15-23.48.02:396][  0]LogConfig: Setting CVar [[r.Filter.SizeScale:1]]
[2020.08.15-23.48.02:396][  0]LogConfig: Setting CVar [[r.Tonemapper.Quality:5]]
[2020.08.15-23.48.02:396][  0]LogConfig: Setting CVar [[r.DOF.Gather.AccumulatorQuality:1        ; higher gathering accumulator quality]]
[2020.08.15-23.48.02:396][  0]LogConfig: Setting CVar [[r.DOF.Gather.PostfilterMethod:1          ; Median3x3 postfilering method]]
[2020.08.15-23.48.02:396][  0]LogConfig: Setting CVar [[r.DOF.Gather.EnableBokehSettings:0       ; no bokeh simulation when gathering]]
[2020.08.15-23.48.02:396][  0]LogConfig: Setting CVar [[r.DOF.Gather.RingCount:4                 ; medium number of samples when gathering]]
[2020.08.15-23.48.02:396][  0]LogConfig: Setting CVar [[r.DOF.Scatter.ForegroundCompositing:1    ; additive foreground scattering]]
[2020.08.15-23.48.02:396][  0]LogConfig: Setting CVar [[r.DOF.Scatter.BackgroundCompositing:2    ; additive background scattering]]
[2020.08.15-23.48.02:396][  0]LogConfig: Setting CVar [[r.DOF.Scatter.EnableBokehSettings:1      ; bokeh simulation when scattering]]
[2020.08.15-23.48.02:396][  0]LogConfig: Setting CVar [[r.DOF.Scatter.MaxSpriteRatio:0.1         ; only a maximum of 10% of scattered bokeh]]
[2020.08.15-23.48.02:396][  0]LogConfig: Setting CVar [[r.DOF.Recombine.Quality:1                ; cheap slight out of focus]]
[2020.08.15-23.48.02:396][  0]LogConfig: Setting CVar [[r.DOF.Recombine.EnableBokehSettings:0    ; no bokeh simulation on slight out of focus]]
[2020.08.15-23.48.02:396][  0]LogConfig: Setting CVar [[r.DOF.TemporalAAQuality:1                ; more stable temporal accumulation]]
[2020.08.15-23.48.02:396][  0]LogConfig: Setting CVar [[r.DOF.Kernel.MaxForegroundRadius:0.025]]
[2020.08.15-23.48.02:397][  0]LogConfig: Setting CVar [[r.DOF.Kernel.MaxBackgroundRadius:0.025]]
[2020.08.15-23.48.02:397][  0]LogConfig: Applying CVar settings from Section [TextureQuality@3] File [E:/unreal projects/learning/Saved/Config/Windows/Scalability.ini]
[2020.08.15-23.48.02:397][  0]LogConfig: Setting CVar [[r.Streaming.MipBias:0]]
[2020.08.15-23.48.02:397][  0]LogConfig: Setting CVar [[r.Streaming.AmortizeCPUToGPUCopy:0]]
[2020.08.15-23.48.02:397][  0]LogConfig: Setting CVar [[r.Streaming.MaxNumTexturesToStreamPerFrame:0]]
[2020.08.15-23.48.02:397][  0]LogConfig: Setting CVar [[r.Streaming.Boost:1]]
[2020.08.15-23.48.02:397][  0]LogConfig: Setting CVar [[r.MaxAnisotropy:8]]
[2020.08.15-23.48.02:397][  0]LogConfig: Setting CVar [[r.VT.MaxAnisotropy:8]]
[2020.08.15-23.48.02:397][  0]LogConfig: Setting CVar [[r.Streaming.LimitPoolSizeToVRAM:0]]
[2020.08.15-23.48.02:397][  0]LogConfig: Setting CVar [[r.Streaming.PoolSize:1000]]
[2020.08.15-23.48.02:397][  0]LogConfig: Setting CVar [[r.Streaming.MaxEffectiveScreenSize:0]]
[2020.08.15-23.48.02:397][  0]LogConfig: Applying CVar settings from Section [EffectsQuality@3] File [E:/unreal projects/learning/Saved/Config/Windows/Scalability.ini]
[2020.08.15-23.48.02:397][  0]LogConfig: Setting CVar [[r.TranslucencyLightingVolumeDim:64]]
[2020.08.15-23.48.02:397][  0]LogConfig: Setting CVar [[r.RefractionQuality:2]]
[2020.08.15-23.48.02:397][  0]LogConfig: Setting CVar [[r.SSR.Quality:3]]
[2020.08.15-23.48.02:397][  0]LogConfig: Setting CVar [[r.SSR.HalfResSceneColor:0]]
[2020.08.15-23.48.02:397][  0]LogConfig: Setting CVar [[r.SceneColorFormat:4]]
[2020.08.15-23.48.02:397][  0]LogConfig: Setting CVar [[r.DetailMode:2]]
[2020.08.15-23.48.02:397][  0]LogConfig: Setting CVar [[r.TranslucencyVolumeBlur:1]]
[2020.08.15-23.48.02:397][  0]LogConfig: Setting CVar [[r.MaterialQualityLevel:1 ; High quality]]
[2020.08.15-23.48.02:397][  0]LogConfig: Setting CVar [[r.SSS.Scale:1]]
[2020.08.15-23.48.02:397][  0]LogConfig: Setting CVar [[r.SSS.SampleSet:2]]
[2020.08.15-23.48.02:397][  0]LogConfig: Setting CVar [[r.SSS.Quality:1]]
[2020.08.15-23.48.02:397][  0]LogConfig: Setting CVar [[r.SSS.HalfRes:0]]
[2020.08.15-23.48.02:397][  0]LogConfig: Setting CVar [[r.SSGI.Quality:3]]
[2020.08.15-23.48.02:397][  0]LogConfig: Setting CVar [[r.EmitterSpawnRateScale:1.0]]
[2020.08.15-23.48.02:397][  0]LogConfig: Setting CVar [[r.ParticleLightQuality:2]]
[2020.08.15-23.48.02:397][  0]LogConfig: Setting CVar [[r.SkyAtmosphere.AerialPerspectiveLUT.FastApplyOnOpaque:1 ; Always have FastSkyLUT 1 in this case to avoid wrong sky]]
[2020.08.15-23.48.02:397][  0]LogConfig: Setting CVar [[r.SkyAtmosphere.AerialPerspectiveLUT.SampleCountPerSlice:1]]
[2020.08.15-23.48.02:397][  0]LogConfig: Setting CVar [[r.SkyAtmosphere.AerialPerspectiveLUT.DepthResolution:16.0]]
[2020.08.15-23.48.02:397][  0]LogConfig: Setting CVar [[r.SkyAtmosphere.FastSkyLUT:1]]
[2020.08.15-23.48.02:397][  0]LogConfig: Setting CVar [[r.SkyAtmosphere.FastSkyLUT.SampleCountMin:4.0]]
[2020.08.15-23.48.02:397][  0]LogConfig: Setting CVar [[r.SkyAtmosphere.FastSkyLUT.SampleCountMax:32.0]]
[2020.08.15-23.48.02:397][  0]LogConfig: Setting CVar [[r.SkyAtmosphere.SampleCountMin:4.0]]
[2020.08.15-23.48.02:397][  0]LogConfig: Setting CVar [[r.SkyAtmosphere.SampleCountMax:32.0]]
[2020.08.15-23.48.02:397][  0]LogConfig: Setting CVar [[r.SkyAtmosphere.TransmittanceLUT.UseSmallFormat:0]]
[2020.08.15-23.48.02:397][  0]LogConfig: Setting CVar [[r.SkyAtmosphere.TransmittanceLUT.SampleCount:10.0]]
[2020.08.15-23.48.02:397][  0]LogConfig: Setting CVar [[r.SkyAtmosphere.MultiScatteringLUT.SampleCount:15.0]]
[2020.08.15-23.48.02:397][  0]LogConfig: Applying CVar settings from Section [FoliageQuality@3] File [E:/unreal projects/learning/Saved/Config/Windows/Scalability.ini]
[2020.08.15-23.48.02:397][  0]LogConfig: Setting CVar [[foliage.DensityScale:1.0]]
[2020.08.15-23.48.02:397][  0]LogConfig: Setting CVar [[grass.DensityScale:1.0]]
[2020.08.15-23.48.02:397][  0]LogConfig: Applying CVar settings from Section [ShadingQuality@3] File [E:/unreal projects/learning/Saved/Config/Windows/Scalability.ini]
[2020.08.15-23.48.02:397][  0]LogConfig: Setting CVar [[r.HairStrands.SkyLighting.SampleCount:16]]
[2020.08.15-23.48.02:397][  0]LogConfig: Setting CVar [[r.HairStrands.SkyLighting.JitterIntegration:0]]
[2020.08.15-23.48.02:397][  0]LogConfig: Setting CVar [[r.HairStrands.SkyAO.SampleCount:16]]
[2020.08.15-23.48.02:397][  0]LogConfig: Setting CVar [[r.HairStrands.DeepShadow.SuperSampling:0]]
[2020.08.15-23.48.02:397][  0]LogConfig: Setting CVar [[r.HairStrands.VisibilityPPLL:0]]
[2020.08.15-23.48.02:398][  0]LogConfig: Setting CVar [[r.HairStrands.RasterizationScale:0.5]]
[2020.08.15-23.48.02:398][  0]LogConfig: Setting CVar [[r.HairStrands.VelocityRasterizationScale:1]]
[2020.08.15-23.48.02:398][  0]LogConfig: Applying CVar settings from Section [Startup] File [../../../Engine/Config/ConsoleVariables.ini]
[2020.08.15-23.48.02:442][  0]LogConfig: Setting CVar [[net.UseAdaptiveNetUpdateFrequency:0]]
[2020.08.15-23.48.02:442][  0]LogConfig: Setting CVar [[p.chaos.AllowCreatePhysxBodies:1]]
[2020.08.15-23.48.02:442][  0]LogConfig: Setting CVar [[fx.SkipVectorVMBackendOptimizations:1]]
[2020.08.15-23.48.02:442][  0]LogConfig: Applying CVar settings from Section [ConsoleVariables] File [E:/unreal projects/learning/Saved/Config/Windows/Engine.ini]
[2020.08.15-23.48.02:442][  0]LogInit: Computer: DESKTOP-BFNN4PD
[2020.08.15-23.48.02:443][  0]LogInit: User: Atharv
[2020.08.15-23.48.02:443][  0]LogInit: CPU Page size=4096, Cores=4
[2020.08.15-23.48.02:443][  0]LogInit: High frequency timer resolution =10.000000 MHz
[2020.08.15-23.48.02:443][  0]LogMemory: Memory total: Physical=7.9GB (8GB approx)
[2020.08.15-23.48.02:443][  0]LogMemory: Platform Memory Stats for Windows
[2020.08.15-23.48.02:443][  0]LogMemory: Process Physical Memory: 116.38 MB used, 116.39 MB peak
[2020.08.15-23.48.02:443][  0]LogMemory: Process Virtual Memory: 95.22 MB used, 95.22 MB peak
[2020.08.15-23.48.02:443][  0]LogMemory: Physical Memory: 6547.76 MB used,  1508.49 MB free, 8056.25 MB total
[2020.08.15-23.48.02:443][  0]LogMemory: Virtual Memory: 5127.32 MB used,  134212600.00 MB free, 134217728.00 MB total
[2020.08.15-23.48.02:453][  0]LogWindows: WindowsPlatformFeatures enabled
[2020.08.15-23.48.03:412][  0]LogInit: Physics initialised using underlying interface: PhysX
[2020.08.15-23.48.03:452][  0]LogInit: Using OS detected language (en-US).
[2020.08.15-23.48.03:454][  0]LogInit: Using OS detected locale (en-US).
[2020.08.15-23.48.03:553][  0]LogTextLocalizationManager: No specific localization for 'en-US' exists, so the 'en' localization will be used.
[2020.08.15-23.48.05:055][  0]LogInit: Setting process to per monitor DPI aware
[2020.08.15-23.48.05:551][  0]LogSlate: New Slate User Created.  User Index 0, Is Virtual User: 0
[2020.08.15-23.48.05:551][  0]LogSlate: Slate User Registered.  User Index 0, Is Virtual User: 0
[2020.08.15-23.48.08:918][  0]LogHMD: Failed to initialize OpenVR with code 110
[2020.08.15-23.48.08:918][  0]LogD3D11RHI: D3D11 min allowed feature level: 11_0
[2020.08.15-23.48.08:918][  0]LogD3D11RHI: D3D11 max allowed feature level: 11_0
[2020.08.15-23.48.08:918][  0]LogD3D11RHI: D3D11 adapters:
[2020.08.15-23.48.09:065][  0]LogD3D11RHI:    0. 'NVIDIA GeForce GTX 960M' (Feature Level 11_0)
[2020.08.15-23.48.09:065][  0]LogD3D11RHI:       4065/0/4028 MB DedicatedVideo/DedicatedSystem/SharedSystem, Outputs:2, VendorId:0x10de
[2020.08.15-23.48.09:077][  0]LogD3D11RHI:    1. 'Intel(R) HD Graphics 530' (Feature Level 11_0)
[2020.08.15-23.48.09:077][  0]LogD3D11RHI:       128/0/4028 MB DedicatedVideo/DedicatedSystem/SharedSystem, Outputs:0, VendorId:0x8086
[2020.08.15-23.48.09:089][  0]LogD3D11RHI:    2. 'Microsoft Basic Render Driver' (Feature Level 11_0)
[2020.08.15-23.48.09:089][  0]LogD3D11RHI:       0/0/4028 MB DedicatedVideo/DedicatedSystem/SharedSystem, Outputs:0, VendorId:0x1414
[2020.08.15-23.48.09:089][  0]LogD3D11RHI: Chosen D3D11 Adapter: 0
[2020.08.15-23.48.09:166][  0]LogD3D11RHI: Creating new Direct3DDevice
[2020.08.15-23.48.09:166][  0]LogD3D11RHI:     GPU DeviceId: 0x139b (for the marketing name, search the web for "GPU Device Id")
[2020.08.15-23.48.09:178][  0]LogWindows: EnumDisplayDevices:
[2020.08.15-23.48.09:179][  0]LogWindows:    0. 'Intel(R) HD Graphics 530' (P:1 D:1)
[2020.08.15-23.48.09:179][  0]LogWindows:    1. 'Intel(R) HD Graphics 530' (P:0 D:1)
[2020.08.15-23.48.09:180][  0]LogWindows:    2. 'Intel(R) HD Graphics 530' (P:0 D:0)
[2020.08.15-23.48.09:180][  0]LogWindows: DebugString: PrimaryIsNotTheChoosenAdapter PrimaryIsNotTheChoosenAdapter PrimaryIsNotTheChoosenAdapter FoundDriverCount:0 
[2020.08.15-23.48.09:180][  0]LogD3D11RHI:     Adapter Name: NVIDIA GeForce GTX 960M
[2020.08.15-23.48.09:180][  0]LogD3D11RHI:   Driver Version: Unknown (internal:Unknown, unified:Unknown)
[2020.08.15-23.48.09:180][  0]LogD3D11RHI:      Driver Date: Unknown
[2020.08.15-23.48.09:180][  0]LogRHI: Texture pool is 2846 MB (70% of 4065 MB)
[2020.08.15-23.48.09:225][  0]LogD3D11RHI: RHI does not have support for 64 bit atomics
[2020.08.15-23.48.09:265][  0]LogD3D11RHI: [Aftermath] Failed to initialize. Result=bad0000c
[2020.08.15-23.48.09:265][  0]LogD3D11RHI: Async texture creation enabled
[2020.08.15-23.48.09:504][  0]LogD3D11RHI: GPU Timing Frequency: 1000.000000 (Debug: 2 1)
[2020.08.15-23.48.10:323][  0]LogTargetPlatformManager: Display: Loaded TargetPlatform 'AllDesktop'
[2020.08.15-23.48.10:379][  0]LogTargetPlatformManager: Display: Loaded TargetPlatform 'Android'
[2020.08.15-23.48.10:380][  0]LogTargetPlatformManager: Display: Loaded TargetPlatform 'Android_ASTC'
[2020.08.15-23.48.10:380][  0]LogTargetPlatformManager: Display: Loaded TargetPlatform 'Android_DXT'
[2020.08.15-23.48.10:380][  0]LogTargetPlatformManager: Display: Loaded TargetPlatform 'Android_ETC2'
[2020.08.15-23.48.10:380][  0]LogTargetPlatformManager: Display: Loaded TargetPlatform 'AndroidClient'
[2020.08.15-23.48.10:380][  0]LogTargetPlatformManager: Display: Loaded TargetPlatform 'Android_ASTCClient'
[2020.08.15-23.48.10:380][  0]LogTargetPlatformManager: Display: Loaded TargetPlatform 'Android_DXTClient'
[2020.08.15-23.48.10:380][  0]LogTargetPlatformManager: Display: Loaded TargetPlatform 'Android_ETC2Client'
[2020.08.15-23.48.10:380][  0]LogTargetPlatformManager: Display: Loaded TargetPlatform 'Android_Multi'
[2020.08.15-23.48.10:380][  0]LogTargetPlatformManager: Display: Loaded TargetPlatform 'Android_MultiClient'
[2020.08.15-23.48.10:528][  0]LogTargetPlatformManager: Display: Loaded TargetPlatform 'IOSClient'
[2020.08.15-23.48.10:528][  0]LogTargetPlatformManager: Display: Loaded TargetPlatform 'IOS'
[2020.08.15-23.48.10:607][  0]LogTargetPlatformManager: Display: Loaded TargetPlatform 'Linux'
[2020.08.15-23.48.10:631][  0]LogTargetPlatformManager: Display: Loaded TargetPlatform 'LinuxNoEditor'
[2020.08.15-23.48.10:651][  0]LogTargetPlatformManager: Display: Loaded TargetPlatform 'LinuxClient'
[2020.08.15-23.48.10:668][  0]LogTargetPlatformManager: Display: Loaded TargetPlatform 'LinuxServer'
[2020.08.15-23.48.10:691][  0]LogTargetPlatformManager: Display: Loaded TargetPlatform 'LinuxAArch64NoEditor'
[2020.08.15-23.48.10:708][  0]LogTargetPlatformManager: Display: Loaded TargetPlatform 'LinuxAArch64Client'
[2020.08.15-23.48.10:726][  0]LogTargetPlatformManager: Display: Loaded TargetPlatform 'LinuxAArch64Server'
[2020.08.15-23.48.10:811][  0]LogTargetPlatformManager: Display: Loaded TargetPlatform 'Lumin'
[2020.08.15-23.48.10:811][  0]LogTargetPlatformManager: Display: Loaded TargetPlatform 'LuminClient'
[2020.08.15-23.48.10:837][  0]LogTargetPlatformManager: Display: Loaded TargetPlatform 'TVOSClient'
[2020.08.15-23.48.10:837][  0]LogTargetPlatformManager: Display: Loaded TargetPlatform 'TVOS'
[2020.08.15-23.48.10:871][  0]LogTargetPlatformManager: Display: Loaded TargetPlatform 'WindowsNoEditor'
[2020.08.15-23.48.10:896][  0]LogTargetPlatformManager: Display: Loaded TargetPlatform 'Windows'
[2020.08.15-23.48.10:922][  0]LogTargetPlatformManager: Display: Loaded TargetPlatform 'WindowsClient'
[2020.08.15-23.48.10:948][  0]LogTargetPlatformManager: Display: Loaded TargetPlatform 'WindowsServer'
[2020.08.15-23.48.10:948][  0]LogTargetPlatformManager: Display: Building Assets For Windows
[2020.08.15-23.48.11:051][  0]LogAudioDebug: Display: Lib vorbis DLL was dynamically loaded.
[2020.08.15-23.48.11:816][  0]LogShaderCompilers: Guid format shader working directory is 7 characters bigger than the processId version (../../../../../unreal projects/learning/Intermediate/Shaders/WorkingDirectory/15912/).
[2020.08.15-23.48.11:816][  0]LogShaderCompilers: Cleaned the shader compiler working directory 'C:/Users/Atharv/AppData/Local/Temp/UnrealShaderWorkingDir/46188FE34792DE43E5587AA3F1246B5D/'.
[2020.08.15-23.48.11:856][  0]LogXGEController: Cannot use XGE Controller as Incredibuild is not installed on this machine.
[2020.08.15-23.48.11:856][  0]LogShaderCompilers: Cannot use XGE Shader Compiler as Incredibuild is not installed on this machine.
[2020.08.15-23.48.11:856][  0]LogShaderCompilers: Display: Using Local Shader Compiler.
[2020.08.15-23.48.19:568][  0]LogDerivedDataCache: Display: Max Cache Size: 512 MB
[2020.08.15-23.48.19:665][  0]LogDerivedDataCache: Loaded boot cache 0.10s 75MB C:/Users/Atharv/AppData/Local/UnrealEngine/4.25/DerivedDataCache/Boot.ddc.
[2020.08.15-23.48.19:665][  0]LogDerivedDataCache: Display: Loaded Boot cache: C:/Users/Atharv/AppData/Local/UnrealEngine/4.25/DerivedDataCache/Boot.ddc
[2020.08.15-23.48.19:703][  0]LogDerivedDataCache: FDerivedDataBackendGraph:  Pak pak cache file ../../../../../unreal projects/learning/DerivedDataCache/DDC.ddp not found, will not use a pak cache.
[2020.08.15-23.48.19:703][  0]LogDerivedDataCache: Unable to find inner node Pak for hierarchical cache Hierarchy.
[2020.08.15-23.48.19:703][  0]LogDerivedDataCache: FDerivedDataBackendGraph:  CompressedPak pak cache file ../../../../../unreal projects/learning/DerivedDataCache/Compressed.ddp not found, will not use a pak cache.
[2020.08.15-23.48.19:703][  0]LogDerivedDataCache: Unable to find inner node CompressedPak for hierarchical cache Hierarchy.
[2020.08.15-23.48.19:718][  0]LogDerivedDataCache: Display: Pak cache opened for reading ../../../Engine/DerivedDataCache/Compressed.ddp.
[2020.08.15-23.48.19:718][  0]LogDerivedDataCache: FDerivedDataBackendGraph:  EnterprisePak pak cache file ../../../Enterprise/DerivedDataCache/Compressed.ddp not found, will not use a pak cache.
[2020.08.15-23.48.19:718][  0]LogDerivedDataCache: Unable to find inner node EnterprisePak for hierarchical cache Hierarchy.
[2020.08.15-23.48.19:720][  0]LogDerivedDataCache: Using Local data cache path C:/Users/Atharv/AppData/Local/UnrealEngine/Common/DerivedDataCache: Writable
[2020.08.15-23.48.19:720][  0]LogDerivedDataCache: Shared data cache path not found in *engine.ini, will not use an Shared cache.
[2020.08.15-23.48.19:720][  0]LogDerivedDataCache: Unable to find inner node Shared for hierarchical cache Hierarchy.
[2020.08.15-23.48.19:841][  0]LogSlate: Using FreeType 2.10.0
[2020.08.15-23.48.19:902][  0]LogSlate: SlateFontServices - WITH_FREETYPE: 1, WITH_HARFBUZZ: 1
[2020.08.15-23.48.20:066][  0]LogAssetRegistry: FAssetRegistry took 0.0033 seconds to start up
[2020.08.15-23.48.25:089][  0]LogInit: Selected Device Profile: [Windows]
[2020.08.15-23.48.25:845][  0]LogMeshReduction: Using QuadricMeshReduction for automatic static mesh reduction
[2020.08.15-23.48.25:845][  0]LogMeshReduction: Using SimplygonMeshReduction for automatic skeletal mesh reduction
[2020.08.15-23.48.25:845][  0]LogMeshReduction: Using ProxyLODMeshReduction for automatic mesh merging
[2020.08.15-23.48.25:845][  0]LogMeshReduction: No distributed automatic mesh merging module available
[2020.08.15-23.48.25:845][  0]LogMeshMerging: No distributed automatic mesh merging module available
[2020.08.15-23.48.25:873][  0]LogNetVersion: learning 1.0.0, NetCL: 13144385, EngineNetVer: 14, GameNetVer: 0 (Checksum: 2034463433)
[2020.08.15-23.48.26:834][  0]LogAISub: UAISubsystem::UAISubsystem AISubsystem (00000274D257A980), frame # 0
[2020.08.15-23.48.26:835][  0]LogAISub: UAISubsystem::UAISubsystem AIPerceptionSystem (00000274D2422AC0), frame # 0
[2020.08.15-23.48.26:835][  0]LogAISub: UAISubsystem::UAISubsystem EnvQueryManager (00000274D2566A00), frame # 0
[2020.08.15-23.48.28:365][  0]LogPackageLocalizationCache: Processed 19 localized package path(s) for 1 prioritized culture(s) in 1.518848 seconds
[2020.08.15-23.48.28:372][  0]LogUObjectArray: 15917 objects as part of root set at end of initial load.
[2020.08.15-23.48.28:372][  0]LogUObjectAllocator: 3965568 out of 0 bytes used by permanent object pool.
[2020.08.15-23.48.28:372][  0]LogUObjectArray: CloseDisregardForGC: 0/0 objects in disregard for GC pool
[2020.08.15-23.48.31:534][  0]LogTcpMessaging: Initializing TcpMessaging bridge
[2020.08.15-23.48.31:564][  0]LogUdpMessaging: Initializing bridge on interface 0.0.0.0:0 to multicast group 230.0.0.1:6666.
[2020.08.15-23.48.32:059][  0]SourceControl: Source control is disabled
[2020.08.15-23.48.32:059][  0]SourceControl: Source control is disabled
[2020.08.15-23.48.32:115][  0]SourceControl: Source control is disabled
[2020.08.15-23.48.32:140][  0]SourceControl: Source control is disabled
[2020.08.15-23.48.32:181][  0]SourceControl: Source control is disabled
[2020.08.15-23.48.33:849][  0]LogAndroidPermission: UAndroidPermissionCallbackProxy::GetInstance
[2020.08.15-23.48.33:957][  0]LogAudioCaptureCore: Display: No Audio Capture implementations found. Audio input will be silent.
[2020.08.15-23.48.33:957][  0]LogAudioCaptureCore: Display: No Audio Capture implementations found. Audio input will be silent.
[2020.08.15-23.48.34:166][  0]LogOcInput: OculusInput pre-init called
[2020.08.15-23.48.34:231][  0]LogWindows: Failed to load 'OVRPlugin.dll' (GetLastError=126)
[2020.08.15-23.48.34:231][  0]LogWindows: File 'OVRPlugin.dll' does not exist
[2020.08.15-23.48.34:441][  0]LogEngine: Initializing Engine...
[2020.08.15-23.48.34:480][  0]LogHMD: Failed to initialize OpenVR with code 110
[2020.08.15-23.48.34:504][  0]LogMagicLeap: Warning: VR disabled because ZI is not enabled.  To enable, in the editor, Edit -> Project Settings -> Plugins -> Magic Leap Plugin -> Enable Zero Iteration
[2020.08.15-23.48.34:530][  0]LogStats: UGameplayTagsManager::InitializeManager -  0.000 s
[2020.08.15-23.48.34:721][  0]LogInit: Initializing FReadOnlyCVARCache
[2020.08.15-23.48.34:779][  0]LogAIModule: Creating AISystem for world Untitled
[2020.08.15-23.48.34:779][  0]LogAISub: UAISubsystem::UAISubsystem EnvQueryManager (00000274D8F0DC00), frame # 0
[2020.08.15-23.48.34:779][  0]LogAISub: UAISubsystem::UAISubsystem AIPerceptionSystem (00000274D8F587C0), frame # 0
[2020.08.15-23.48.34:800][  0]LogAudioMixer: Display: Audio Mixer Platform Settings:
[2020.08.15-23.48.34:800][  0]LogAudioMixer: Display: 	Sample Rate:						  48000
[2020.08.15-23.48.34:800][  0]LogAudioMixer: Display: 	Callback Buffer Frame Size Requested: 1024
[2020.08.15-23.48.34:800][  0]LogAudioMixer: Display: 	Callback Buffer Frame Size To Use:	  1024
[2020.08.15-23.48.34:800][  0]LogAudioMixer: Display: 	Number of buffers to queue:			  2
[2020.08.15-23.48.34:800][  0]LogAudioMixer: Display: 	Max Channels (voices):				  32
[2020.08.15-23.48.34:800][  0]LogAudioMixer: Display: 	Number of Async Source Workers:		  0
[2020.08.15-23.48.34:800][  0]LogAudio: Display: AudioDevice MaxSources: 32
[2020.08.15-23.48.34:801][  0]LogAudio: Display: Using built-in audio occlusion.
[2020.08.15-23.48.34:801][  0]LogAudioMixer: Display: Initializing audio mixer.
[2020.08.15-23.48.34:861][  0]LogAudioMixer: Display: 0: FrontLeft
[2020.08.15-23.48.34:861][  0]LogAudioMixer: Display: 1: FrontRight
[2020.08.15-23.48.34:943][  0]LogAudioMixer: Display: Using Audio Device Speakers (Realtek High Definition Audio(SST))
[2020.08.15-23.48.34:947][  0]LogAudioMixer: Display: Initializing Sound Submixes...
[2020.08.15-23.48.34:950][  0]LogAudioMixer: Display: Creating Master Submix 'MasterSubmixDefault'
[2020.08.15-23.48.34:950][  0]LogAudioMixer: Display: Creating Master Submix 'MasterReverbSubmixDefault'
[2020.08.15-23.48.34:951][  0]LogAudioMixer: Display: Creating Master Submix 'MasterEQSubmixDefault'
[2020.08.15-23.48.34:953][  0]LogInit: FAudioDevice initialized.
[2020.08.15-23.48.34:953][  0]LogNetVersion: Set ProjectVersion to 1.0.0.0. Version Checksum will be recalculated on next use.
[2020.08.15-23.48.35:052][  0]LogDerivedDataCache: Saved boot cache 0.10s 75MB C:/Users/Atharv/AppData/Local/UnrealEngine/4.25/DerivedDataCache/Boot.ddc.
[2020.08.15-23.48.35:058][  0]LogInit: Texture streaming: Enabled
[2020.08.15-23.48.35:137][  0]LogEngineSessionManager: EngineSessionManager initialized
[2020.08.15-23.48.35:137][  0]LogEditorSessionSummary: Verbose: Initializing EditorSessionSummaryWriter for editor session tracking
[2020.08.15-23.48.35:140][  0]LogEditorSessionSummary: EditorSessionSummaryWriter initialized
[2020.08.15-23.48.35:385][  0]LogInit: Transaction tracking system initialized
[2020.08.15-23.48.35:617][  0]BlueprintLog: New page: Editor Load
[2020.08.15-23.48.36:240][  0]LocalizationService: Localization service is disabled
[2020.08.15-23.48.37:287][  0]LogCook: Display: Max memory allowance for cook 16384mb min free memory 0mb
[2020.08.15-23.48.37:287][  0]LogCook: Display: Mobile HDR setting 1
[2020.08.15-23.48.37:766][  0]LogFileCache: Scanning file cache for directory 'E:/unreal projects/learning/Content/' took 0.04s
[2020.08.15-23.48.39:360][  0]SourceControl: Source control is disabled
[2020.08.15-23.48.39:360][  0]LogUnrealEdMisc: Loading editor; pre map load, took 72.958
[2020.08.15-23.48.39:360][  0]Cmd: MAP LOAD FILE="../../../../../unreal projects/learning/Content/FirstPersonBP/Maps/FirstPersonExampleMap.umap" TEMPLATE=0 SHOWPROGRESS=1 FEATURELEVEL=3
[2020.08.15-23.48.39:361][  0]LightingResults: New page: Lighting Build
[2020.08.15-23.48.39:409][  0]LogWorld: UWorld::CleanupWorld for Untitled, bSessionEnded=true, bCleanupResources=true
[2020.08.15-23.48.39:409][  0]LogSlate: InvalidateAllWidgets triggered.  All widgets were invalidated
[2020.08.15-23.48.39:409][  0]MapCheck: New page: Map Check
[2020.08.15-23.48.39:409][  0]LightingResults: New page: Lighting Build
[2020.08.15-23.48.39:419][  0]LogAISub: UAISubsystem::~UAISubsystem EnvQueryManager (00000274D8F0DC00), frame # 0
[2020.08.15-23.48.39:419][  0]LogAISub: UAISubsystem::~UAISubsystem AIPerceptionSystem (00000274D8F587C0), frame # 0
[2020.08.15-23.48.39:420][  0]LogUObjectHash: Compacting FUObjectHashTables data took   0.88ms
[2020.08.15-23.48.44:754][  0]LogAIModule: Creating AISystem for world FirstPersonExampleMap
[2020.08.15-23.48.44:754][  0]LogAISub: UAISubsystem::UAISubsystem EnvQueryManager (00000274CD7AEE00), frame # 0
[2020.08.15-23.48.44:754][  0]LogAISub: UAISubsystem::UAISubsystem AIPerceptionSystem (00000274CD645800), frame # 0
[2020.08.15-23.48.45:555][  0]LogEditorServer: Finished looking for orphan Actors (0.000 secs)
[2020.08.15-23.48.45:571][  0]LogUObjectHash: Compacting FUObjectHashTables data took   1.49ms
[2020.08.15-23.48.45:572][  0]Cmd: MAP CHECKDEP NOCLEARLOG
[2020.08.15-23.48.45:572][  0]MapCheck: Map check complete: 0 Error(s), 0 Warning(s), took 0.186ms to complete.
[2020.08.15-23.48.45:572][  0]LogFileHelpers: Loading map 'FirstPersonExampleMap' took 6.213
[2020.08.15-23.48.45:586][  0]LogUnrealEdMisc: Total Editor Startup Time, took 79.185
[2020.08.15-23.48.47:276][  0]LogSlate: Updating window title bar state: overlay mode, drag disabled, window buttons hidden, title bar hidden
[2020.08.15-23.48.47:308][  0]LogSlate: Updating window title bar state: overlay mode, drag disabled, window buttons hidden, title bar hidden
[2020.08.15-23.48.47:318][  0]LogSlate: Updating window title bar state: overlay mode, drag disabled, window buttons hidden, title bar hidden
[2020.08.15-23.48.47:329][  0]LogSlate: Updating window title bar state: overlay mode, drag disabled, window buttons hidden, title bar hidden
[2020.08.15-23.48.47:525][  0]LogCollectionManager: Loaded 0 collections in 0.002076 seconds
[2020.08.15-23.48.47:945][  0]LogFileCache: Scanning file cache for directory 'E:/unreal projects/learning/Saved/Collections/' took 0.00s
[2020.08.15-23.48.47:946][  0]LogFileCache: Scanning file cache for directory 'E:/unreal projects/learning/Content/Developers/Atharv/Collections/' took 0.00s
[2020.08.15-23.48.47:946][  0]LogFileCache: Scanning file cache for directory 'E:/unreal projects/learning/Content/Collections/' took 0.00s
[2020.08.15-23.48.47:946][  0]LogContentBrowser: Native class hierarchy populated in 0.0161 seconds. Added 3427 classes and 821 folders.
[2020.08.15-23.48.48:194][  0]LogContentBrowser: Native class hierarchy updated for 'WidgetCarousel' in 0.0003 seconds. Added 0 classes and 0 folders.
[2020.08.15-23.48.49:991][  0]LogContentBrowser: Native class hierarchy updated for 'AddContentDialog' in 0.0006 seconds. Added 0 classes and 0 folders.
[2020.08.15-23.48.50:116][  0]LogContentBrowser: Native class hierarchy updated for 'SceneOutliner' in 0.0003 seconds. Added 2 classes and 0 folders.
[2020.08.15-23.48.52:166][  0]LogSlate: Took 0.042679 seconds to synchronously load lazily loaded font '../../../Engine/Content/Slate/Fonts/Roboto-Regular.ttf' (155K)
[2020.08.15-23.48.52:230][  0]LogSlate: Took 0.039558 seconds to synchronously load lazily loaded font '../../../Engine/Content/Slate/Fonts/Roboto-Bold.ttf' (160K)
[2020.08.15-23.48.52:401][  0]LogSlate: Took 0.058048 seconds to synchronously load lazily loaded font '../../../Engine/Content/Editor/Slate/Fonts/FontAwesome.ttf' (139K)
[2020.08.15-23.48.53:225][  0]LogRenderer: Reallocating scene render targets to support 1220x600 Format 10 NumSamples 1 (Frame:1).
[2020.08.15-23.48.54:681][  0]LogContentBrowser: Native class hierarchy updated for 'HierarchicalLODOutliner' in 0.0003 seconds. Added 0 classes and 0 folders.
[2020.08.15-23.48.54:681][  0]LogLoad: (Engine Initialization) Total time: 88.28 seconds
[2020.08.15-23.48.54:681][  0]LogLoad: (Engine Initialization) Total Blueprint compile time: 0.00 seconds
[2020.08.15-23.48.55:001][  0]LogContentStreaming: Texture pool size now 1000 MB
[2020.08.15-23.48.55:324][  0]LogSlate: Took 0.022525 seconds to synchronously load lazily loaded font '../../../Engine/Content/Slate/Fonts/Roboto-Light.ttf' (167K)
[2020.08.15-23.48.55:649][  1]LogAssetRegistry: Asset discovery search completed in 35.5837 seconds
[2020.08.15-23.48.55:657][  1]LogCollectionManager: Fixed up redirectors for 0 collections in 0.000005 seconds (updated 0 objects)
[2020.08.16-00.11.07:496][441]LogSlate: Took 0.026060 seconds to synchronously load lazily loaded font '../../../Engine/Content/Slate/Fonts/Roboto-Light.ttf' (167K)
[2020.08.16-00.13.39:088][441]LogWindows: LaunchURL http://docs.unrealengine.com/latest/INT/Gameplay/Framework/Pawn/Character/index.html?utm_source=editor&utm_medium=docs&utm_campaign=doc_anchors
[2020.08.16-00.16.15:407][441]LogSlate: Window 'Pick Parent Class' being destroyed
[2020.08.16-00.17.11:940][145]LogAssetEditorSubsystem: Opening Asset editor for Blueprint /Game/FirstPersonBP/Blueprints/FirstPersonProjectile.FirstPersonProjectile
[2020.08.16-00.17.13:807][145]LogContentBrowser: Native class hierarchy updated for 'BlueprintGraph' in 0.0035 seconds. Added 125 classes and 0 folders.
[2020.08.16-00.17.18:105][145]LogSlate: Took 0.019329 seconds to synchronously load lazily loaded font '../../../Engine/Content/Slate/Fonts/Roboto-BoldCondensed.ttf' (158K)
[2020.08.16-00.17.19:290][146]LogSlate: Took 0.026542 seconds to synchronously load lazily loaded font '../../../Engine/Content/Slate/Fonts/Roboto-Italic.ttf' (157K)
[2020.08.16-00.18.26:697][876]LogSlate: Window 'FirstPersonProjectile' being destroyed
[2020.08.16-00.18.26:703][876]LogSlate: Window 'FirstPersonProjectile' being destroyed
[2020.08.16-00.18.26:861][876]LogWorld: UWorld::CleanupWorld for World_3, bSessionEnded=true, bCleanupResources=true
[2020.08.16-00.18.26:862][876]LogSlate: InvalidateAllWidgets triggered.  All widgets were invalidated
[2020.08.16-00.20.30:508][298]LogSlate: Window 'Pick Parent Class' being destroyed
[2020.08.16-00.33.32:988][978]LogEditorViewport: Clicking on Actor (context menu): StaticMeshActor (Floor)
[2020.08.16-00.33.35:232][978]LogEditorViewport: Clicking on Component (context menu): StaticMeshComponent (StaticMeshComponent0)
[2020.08.16-00.33.35:604][978]LogEditorViewport: Clicking on Component (context menu): StaticMeshComponent (StaticMeshComponent0)
[2020.08.16-00.33.36:797][ 17]LogEditorViewport: Clicking on Component (LMB): StaticMeshComponent (StaticMeshComponent0)
[2020.08.16-02.38.35:828][561]LogEditorViewport: Clicking on Component (context menu): StaticMeshComponent (StaticMeshComponent0)
[2020.08.16-04.00.07:992][787]LogTemp: Repeating last play command: Selected Viewport
[2020.08.16-04.00.09:797][787]LogPlayLevel: PlayLevel: No blueprints needed recompiling
[2020.08.16-04.00.10:103][787]PIE: New page: PIE session: FirstPersonExampleMap (Aug 15, 2020, 4:00:09 PM)
[2020.08.16-04.00.10:728][787]LogOnline: OSS: Creating online subsystem instance for: NULL
[2020.08.16-04.00.10:834][787]LogOnline: OSS: TryLoadSubsystemAndSetDefault: Loaded subsystem for module [NULL]
[2020.08.16-04.00.11:017][787]LogPlayLevel: Creating play world package: /Game/FirstPersonBP/Maps/UEDPIE_0_FirstPersonExampleMap
[2020.08.16-04.00.14:546][787]LogPlayLevel: PIE: StaticDuplicateObject took: (3.503472s)
[2020.08.16-04.00.15:929][787]LogAIModule: Creating AISystem for world FirstPersonExampleMap
[2020.08.16-04.00.15:958][787]LogAISub: UAISubsystem::UAISubsystem EnvQueryManager (000002751B02B200), frame # 59787
[2020.08.16-04.00.16:033][787]LogAISub: UAISubsystem::UAISubsystem AIPerceptionSystem (000002751A2F4400), frame # 59787
[2020.08.16-04.00.16:469][787]LogPlayLevel: PIE: World Init took: (1.923613s)
[2020.08.16-04.00.16:491][787]LogPlayLevel: PIE: Created PIE world by copying editor world from /Game/FirstPersonBP/Maps/FirstPersonExampleMap.FirstPersonExampleMap to /Game/FirstPersonBP/Maps/UEDPIE_0_FirstPersonExampleMap.FirstPersonExampleMap (5.483700s)
[2020.08.16-04.00.20:711][787]LogUObjectHash: Compacting FUObjectHashTables data took  50.59ms
[2020.08.16-04.00.21:537][787]LogAudioMixer: Display: Audio Mixer Platform Settings:
[2020.08.16-04.00.21:537][787]LogAudioMixer: Display: 	Sample Rate:						  48000
[2020.08.16-04.00.21:537][787]LogAudioMixer: Display: 	Callback Buffer Frame Size Requested: 1024
[2020.08.16-04.00.21:537][787]LogAudioMixer: Display: 	Callback Buffer Frame Size To Use:	  1024
[2020.08.16-04.00.21:537][787]LogAudioMixer: Display: 	Number of buffers to queue:			  2
[2020.08.16-04.00.21:537][787]LogAudioMixer: Display: 	Max Channels (voices):				  32
[2020.08.16-04.00.21:537][787]LogAudioMixer: Display: 	Number of Async Source Workers:		  0
[2020.08.16-04.00.21:553][787]LogAudio: Display: AudioDevice MaxSources: 32
[2020.08.16-04.00.21:685][787]LogAudio: Display: Using built-in audio occlusion.
[2020.08.16-04.00.21:685][787]LogAudioMixer: Display: Initializing audio mixer.
[2020.08.16-04.00.22:716][787]LogAudioMixer: Display: 0: FrontLeft
[2020.08.16-04.00.22:717][787]LogAudioMixer: Display: 1: FrontRight
[2020.08.16-04.00.22:983][787]LogAudioMixer: Display: Using Audio Device Speakers (Realtek High Definition Audio(SST))
[2020.08.16-04.00.23:084][787]LogAudioMixer: Display: Initializing Sound Submixes...
[2020.08.16-04.00.23:085][787]LogAudioMixer: Display: Creating Master Submix 'MasterSubmixDefault'
[2020.08.16-04.00.23:139][787]LogAudioMixer: Display: Creating Master Submix 'MasterReverbSubmixDefault'
[2020.08.16-04.00.23:203][787]LogAudioMixer: Display: Creating Master Submix 'MasterEQSubmixDefault'
[2020.08.16-04.00.23:209][787]LogInit: FAudioDevice initialized.
[2020.08.16-04.00.24:022][787]LogLoad: Game class is 'FirstPersonGameMode_C'
[2020.08.16-04.00.25:400][787]LogWorld: Bringing World /Game/FirstPersonBP/Maps/UEDPIE_0_FirstPersonExampleMap.FirstPersonExampleMap up for play (max tick rate 60) at 2020.08.15-22.00.25
[2020.08.16-04.00.25:465][787]LogWorld: Bringing up level for play took: 1.087153
[2020.08.16-04.00.25:609][787]LogOnline: OSS: Creating online subsystem instance for: :Context_5
[2020.08.16-04.00.27:163][787]LogContentBrowser: Native class hierarchy updated for 'MovieSceneCapture' in 0.1811 seconds. Added 20 classes and 0 folders.
[2020.08.16-04.00.27:782][787]PIE: Server logged in
[2020.08.16-04.00.34:203][787]PIE: Play in editor total start time 24.88 seconds.
[2020.08.16-04.01.05:078][752]LogEditorViewport: Clicking on Actor (double click): StaticMeshActor (Wall4)
[2020.08.16-04.01.05:350][752]LogEditorViewport: Clicking on Actor (LMB): StaticMeshActor (Wall4)
[2020.08.16-04.01.08:520][875]LogEditorViewport: Clicking on Actor (LMB): StaticMeshActor (Floor)
[2020.08.16-04.01.09:174][877]LogEditorViewport: Clicking on Actor (LMB): StaticMeshActor (Floor)
[2020.08.16-04.01.09:346][877]LogEditorViewport: Clicking on Component (LMB): StaticMeshComponent (StaticMeshComponent0)
[2020.08.16-04.01.10:469][907]LogEditorViewport: Clicking on Actor (LMB): Enemy_C (Enemy)
[2020.08.16-04.01.12:275][907]LogEditorViewport: Clicking on Component (LMB): StaticMeshComponent (Cone)
[2020.08.16-04.01.12:321][907]LogEditorViewport: Clicking on Actor (LMB): StaticMeshActor (Wall1)
[2020.08.16-04.01.24:159][513]LogEditorViewport: Clicking on Actor (LMB): StaticMeshActor (Wall1)
[2020.08.16-04.01.24:812][548]LogEditorViewport: Clicking on Actor (LMB): StaticMeshActor (Floor)
[2020.08.16-04.01.26:951][671]LogEditorViewport: Clicking on Actor (LMB): StaticMeshActor (Floor)
[2020.08.16-04.01.30:740][859]LogEditorViewport: Clicking on Actor (LMB): StaticMeshActor (Wall1)
[2020.08.16-04.01.31:557][881]LogEditorViewport: Clicking on Actor (LMB): Enemy_C (Enemy1)
[2020.08.16-04.01.32:327][919]LogEditorViewport: Clicking on Actor (LMB): StaticMeshActor (Floor)
[2020.08.16-04.01.32:936][949]LogEditorViewport: Clicking on Actor (LMB): StaticMeshActor (Floor)
[2020.08.16-04.01.37:814][205]LogSlate: Updating window title bar state: overlay mode, drag disabled, window buttons hidden, title bar hidden
[2020.08.16-04.01.37:830][205]LogWorld: BeginTearingDown for /Game/FirstPersonBP/Maps/UEDPIE_0_FirstPersonExampleMap
[2020.08.16-04.01.37:987][205]LogWorld: UWorld::CleanupWorld for FirstPersonExampleMap, bSessionEnded=true, bCleanupResources=true
[2020.08.16-04.01.38:036][205]LogSlate: InvalidateAllWidgets triggered.  All widgets were invalidated
[2020.08.16-04.01.38:129][205]LogPlayLevel: Display: Shutting down PIE online subsystems
[2020.08.16-04.01.38:171][205]LogSlate: InvalidateAllWidgets triggered.  All widgets were invalidated
[2020.08.16-04.01.38:294][205]LogSlate: Updating window title bar state: overlay mode, drag disabled, window buttons hidden, title bar hidden
[2020.08.16-04.01.39:031][205]LogAISub: UAISubsystem::~UAISubsystem EnvQueryManager (000002751B02B200), frame # 62205
[2020.08.16-04.01.39:031][205]LogAISub: UAISubsystem::~UAISubsystem AIPerceptionSystem (000002751A2F4400), frame # 62205
[2020.08.16-04.01.39:042][205]LogUObjectHash: Compacting FUObjectHashTables data took  11.07ms
[2020.08.16-04.01.39:333][206]LogPlayLevel: Display: Destroying online subsystem :Context_5
[2020.08.16-04.01.43:339][396]LogEditorViewport: Clicking on Actor (context menu): StaticMeshActor (Floor)
[2020.08.16-04.01.45:853][459]LogEditorViewport: Clicking on Actor (LMB): StaticMeshActor (Floor)
[2020.08.16-04.01.56:808][ 82]LogEditorBookmarks: Warning: FBookmarkTypeToolsImpl::JumpToBookmark - Null Bookmark at index 3
[2020.08.16-04.04.55:740][ 89]LogAssetEditorSubsystem: Opening Asset editor for Blueprint /Game/FirstPersonBP/Blueprints/FirstPersonGameMode.FirstPersonGameMode
[2020.08.16-04.05.10:400][480]LogSlate: Window 'FirstPersonGameMode' being destroyed
[2020.08.16-04.05.10:421][480]LogSlate: Window 'FirstPersonGameMode' being destroyed
[2020.08.16-04.05.10:422][480]LogWorld: UWorld::CleanupWorld for World_4, bSessionEnded=true, bCleanupResources=true
[2020.08.16-04.05.10:422][480]LogSlate: InvalidateAllWidgets triggered.  All widgets were invalidated
[2020.08.16-17.48.43:795][629]LogTemp: Resetting audio stream to device id 
[2020.08.16-17.48.44:483][629]LogAudioMixer: Display: 0: FrontLeft
[2020.08.16-17.48.44:498][629]LogAudioMixer: Display: 1: FrontRight
